2024-09-13T01:46:13.167+02:00  WARN 34255 --- [todo_app] [HikariPool-1 housekeeper] com.zaxxer.hikari.pool.HikariPool        : HikariPool-1 - Thread starvation or clock leap detected (housekeeper delta=7h4m34s788ms).
2024-09-13T06:27:38.485+02:00  WARN 34255 --- [todo_app] [HikariPool-1 housekeeper] com.zaxxer.hikari.pool.HikariPool        : HikariPool-1 - Thread starvation or clock leap detected (housekeeper delta=4h26m24s23ms).
2024-09-13T08:54:44.867+02:00  WARN 34255 --- [todo_app] [HikariPool-1 housekeeper] com.zaxxer.hikari.pool.HikariPool        : HikariPool-1 - Thread starvation or clock leap detected (housekeeper delta=2h12m6s268ms).
2024-09-13T09:05:59.365+02:00  INFO 34255 --- [todo_app] [SpringApplicationShutdownHook] j.LocalContainerEntityManagerFactoryBean : Closing JPA EntityManagerFactory for persistence unit 'default'
2024-09-13T09:05:59.369+02:00  INFO 34255 --- [todo_app] [SpringApplicationShutdownHook] com.zaxxer.hikari.HikariDataSource       : HikariPool-1 - Shutdown initiated...
2024-09-13T09:06:04.455+02:00  INFO 34255 --- [todo_app] [SpringApplicationShutdownHook] com.zaxxer.hikari.HikariDataSource       : HikariPool-1 - Shutdown completed.
2024-09-13T09:07:54.451+02:00  INFO 36865 --- [todo_app] [main] com.todo.todo_app.TodoAppApplicationKt   : Starting TodoAppApplicationKt using Java 22.0.2 with PID 36865 (/Users/paulkristoffersson/IdeaProjects/todo_app/build/classes/kotlin/main started by paulkristoffersson in /Users/paulkristoffersson/IdeaProjects/todo_app)
2024-09-13T09:07:54.453+02:00  INFO 36865 --- [todo_app] [main] com.todo.todo_app.TodoAppApplicationKt   : No active profile set, falling back to 1 default profile: "default"
2024-09-13T09:07:55.176+02:00  INFO 36865 --- [todo_app] [main] .s.d.r.c.RepositoryConfigurationDelegate : Bootstrapping Spring Data JPA repositories in DEFAULT mode.
2024-09-13T09:07:55.230+02:00  INFO 36865 --- [todo_app] [main] .s.d.r.c.RepositoryConfigurationDelegate : Finished Spring Data repository scanning in 44 ms. Found 1 JPA repository interface.
2024-09-13T09:07:55.695+02:00  INFO 36865 --- [todo_app] [main] o.s.b.w.embedded.tomcat.TomcatWebServer  : Tomcat initialized with port 9090 (http)
2024-09-13T09:07:55.711+02:00  INFO 36865 --- [todo_app] [main] o.apache.catalina.core.StandardService   : Starting service [Tomcat]
2024-09-13T09:07:55.711+02:00  INFO 36865 --- [todo_app] [main] o.apache.catalina.core.StandardEngine    : Starting Servlet engine: [Apache Tomcat/10.1.28]
2024-09-13T09:07:55.759+02:00  INFO 36865 --- [todo_app] [main] o.a.c.c.C.[Tomcat].[localhost].[/]       : Initializing Spring embedded WebApplicationContext
2024-09-13T09:07:55.760+02:00  INFO 36865 --- [todo_app] [main] w.s.c.ServletWebServerApplicationContext : Root WebApplicationContext: initialization completed in 1260 ms
2024-09-13T09:07:55.909+02:00  INFO 36865 --- [todo_app] [main] o.hibernate.jpa.internal.util.LogHelper  : HHH000204: Processing PersistenceUnitInfo [name: default]
2024-09-13T09:07:55.965+02:00  INFO 36865 --- [todo_app] [main] org.hibernate.Version                    : HHH000412: Hibernate ORM core version 6.5.2.Final
2024-09-13T09:07:55.996+02:00  INFO 36865 --- [todo_app] [main] o.h.c.internal.RegionFactoryInitiator    : HHH000026: Second-level cache disabled
2024-09-13T09:07:56.318+02:00  INFO 36865 --- [todo_app] [main] o.s.o.j.p.SpringPersistenceUnitInfo      : No LoadTimeWeaver setup: ignoring JPA class transformer
2024-09-13T09:07:56.343+02:00  INFO 36865 --- [todo_app] [main] com.zaxxer.hikari.HikariDataSource       : HikariPool-1 - Starting...
2024-09-13T09:07:56.757+02:00  INFO 36865 --- [todo_app] [main] com.zaxxer.hikari.pool.HikariPool        : HikariPool-1 - Added connection org.postgresql.jdbc.PgConnection@62ab5e63
2024-09-13T09:07:56.759+02:00  INFO 36865 --- [todo_app] [main] com.zaxxer.hikari.HikariDataSource       : HikariPool-1 - Start completed.
2024-09-13T09:07:56.809+02:00  WARN 36865 --- [todo_app] [main] org.hibernate.orm.deprecation            : HHH90000025: PostgreSQLDialect does not need to be specified explicitly using 'hibernate.dialect' (remove the property setting and it will be selected by default)
2024-09-13T09:07:57.672+02:00  INFO 36865 --- [todo_app] [main] o.h.e.t.j.p.i.JtaPlatformInitiator       : HHH000489: No JTA platform available (set 'hibernate.transaction.jta.platform' to enable JTA platform integration)
2024-09-13T09:07:57.794+02:00  INFO 36865 --- [todo_app] [main] j.LocalContainerEntityManagerFactoryBean : Initialized JPA EntityManagerFactory for persistence unit 'default'
2024-09-13T09:07:58.270+02:00  INFO 36865 --- [todo_app] [main] o.s.d.j.r.query.QueryEnhancerFactory     : Hibernate is in classpath; If applicable, HQL parser will be used.
2024-09-13T09:07:58.686+02:00  WARN 36865 --- [todo_app] [main] JpaBaseConfiguration$JpaWebConfiguration : spring.jpa.open-in-view is enabled by default. Therefore, database queries may be performed during view rendering. Explicitly configure spring.jpa.open-in-view to disable this warning
2024-09-13T09:07:59.036+02:00  INFO 36865 --- [todo_app] [main] o.s.b.w.embedded.tomcat.TomcatWebServer  : Tomcat started on port 9090 (http) with context path '/'
2024-09-13T09:07:59.044+02:00  INFO 36865 --- [todo_app] [main] com.todo.todo_app.TodoAppApplicationKt   : Started TodoAppApplicationKt in 5.002 seconds (process running for 5.587)
2024-09-13T09:08:40.783+02:00  INFO 36865 --- [todo_app] [http-nio-9090-exec-1] o.a.c.c.C.[Tomcat].[localhost].[/]       : Initializing Spring DispatcherServlet 'dispatcherServlet'
2024-09-13T09:08:40.784+02:00  INFO 36865 --- [todo_app] [http-nio-9090-exec-1] o.s.web.servlet.DispatcherServlet        : Initializing Servlet 'dispatcherServlet'
2024-09-13T09:08:40.785+02:00  INFO 36865 --- [todo_app] [http-nio-9090-exec-1] o.s.web.servlet.DispatcherServlet        : Completed initialization in 1 ms
2024-09-13T09:10:12.771+02:00  WARN 36865 --- [todo_app] [http-nio-9090-exec-3] .w.s.m.s.DefaultHandlerExceptionResolver : Resolved [org.springframework.web.HttpRequestMethodNotSupportedException: Request method 'PUT' is not supported]
2024-09-13T09:12:18.052+02:00  WARN 36865 --- [todo_app] [http-nio-9090-exec-8] .w.s.m.s.DefaultHandlerExceptionResolver : Resolved [org.springframework.http.converter.HttpMessageNotReadableException: JSON parse error: Instantiation of [simple type, class com.todo.todo_app.data.model.TodoUpdateRequest] value failed for JSON property updatedAt due to missing (therefore NULL) value for creator parameter updatedAt which is a non-nullable type]
2024-09-13T09:14:55.692+02:00  WARN 36865 --- [todo_app] [http-nio-9090-exec-9] .w.s.m.s.DefaultHandlerExceptionResolver : Resolved [org.springframework.http.converter.HttpMessageNotReadableException: JSON parse error: Instantiation of [simple type, class com.todo.todo_app.data.model.TodoUpdateRequest] value failed for JSON property updatedAt due to missing (therefore NULL) value for creator parameter updatedAt which is a non-nullable type]
2024-09-13T09:15:53.386+02:00  INFO 36865 --- [todo_app] [SpringApplicationShutdownHook] j.LocalContainerEntityManagerFactoryBean : Closing JPA EntityManagerFactory for persistence unit 'default'
2024-09-13T09:15:53.390+02:00  INFO 36865 --- [todo_app] [SpringApplicationShutdownHook] com.zaxxer.hikari.HikariDataSource       : HikariPool-1 - Shutdown initiated...
2024-09-13T09:15:53.395+02:00  INFO 36865 --- [todo_app] [SpringApplicationShutdownHook] com.zaxxer.hikari.HikariDataSource       : HikariPool-1 - Shutdown completed.
2024-09-13T09:16:34.839+02:00  INFO 37029 --- [todo_app] [main] com.todo.todo_app.TodoAppApplicationKt   : Starting TodoAppApplicationKt using Java 22.0.2 with PID 37029 (/Users/paulkristoffersson/IdeaProjects/todo_app/build/classes/kotlin/main started by paulkristoffersson in /Users/paulkristoffersson/IdeaProjects/todo_app)
2024-09-13T09:16:34.841+02:00  INFO 37029 --- [todo_app] [main] com.todo.todo_app.TodoAppApplicationKt   : No active profile set, falling back to 1 default profile: "default"
2024-09-13T09:16:35.566+02:00  INFO 37029 --- [todo_app] [main] .s.d.r.c.RepositoryConfigurationDelegate : Bootstrapping Spring Data JPA repositories in DEFAULT mode.
2024-09-13T09:16:35.619+02:00  INFO 37029 --- [todo_app] [main] .s.d.r.c.RepositoryConfigurationDelegate : Finished Spring Data repository scanning in 44 ms. Found 1 JPA repository interface.
2024-09-13T09:16:36.131+02:00  INFO 37029 --- [todo_app] [main] o.s.b.w.embedded.tomcat.TomcatWebServer  : Tomcat initialized with port 9090 (http)
2024-09-13T09:16:36.145+02:00  INFO 37029 --- [todo_app] [main] o.apache.catalina.core.StandardService   : Starting service [Tomcat]
2024-09-13T09:16:36.145+02:00  INFO 37029 --- [todo_app] [main] o.apache.catalina.core.StandardEngine    : Starting Servlet engine: [Apache Tomcat/10.1.28]
2024-09-13T09:16:36.190+02:00  INFO 37029 --- [todo_app] [main] o.a.c.c.C.[Tomcat].[localhost].[/]       : Initializing Spring embedded WebApplicationContext
2024-09-13T09:16:36.190+02:00  INFO 37029 --- [todo_app] [main] w.s.c.ServletWebServerApplicationContext : Root WebApplicationContext: initialization completed in 1303 ms
2024-09-13T09:16:36.348+02:00  INFO 37029 --- [todo_app] [main] o.hibernate.jpa.internal.util.LogHelper  : HHH000204: Processing PersistenceUnitInfo [name: default]
2024-09-13T09:16:36.401+02:00  INFO 37029 --- [todo_app] [main] org.hibernate.Version                    : HHH000412: Hibernate ORM core version 6.5.2.Final
2024-09-13T09:16:36.434+02:00  INFO 37029 --- [todo_app] [main] o.h.c.internal.RegionFactoryInitiator    : HHH000026: Second-level cache disabled
2024-09-13T09:16:36.855+02:00  INFO 37029 --- [todo_app] [main] o.s.o.j.p.SpringPersistenceUnitInfo      : No LoadTimeWeaver setup: ignoring JPA class transformer
2024-09-13T09:16:36.883+02:00  INFO 37029 --- [todo_app] [main] com.zaxxer.hikari.HikariDataSource       : HikariPool-1 - Starting...
2024-09-13T09:16:37.312+02:00  INFO 37029 --- [todo_app] [main] com.zaxxer.hikari.pool.HikariPool        : HikariPool-1 - Added connection org.postgresql.jdbc.PgConnection@56299b0e
2024-09-13T09:16:37.313+02:00  INFO 37029 --- [todo_app] [main] com.zaxxer.hikari.HikariDataSource       : HikariPool-1 - Start completed.
2024-09-13T09:16:37.361+02:00  WARN 37029 --- [todo_app] [main] org.hibernate.orm.deprecation            : HHH90000025: PostgreSQLDialect does not need to be specified explicitly using 'hibernate.dialect' (remove the property setting and it will be selected by default)
2024-09-13T09:16:38.255+02:00  INFO 37029 --- [todo_app] [main] o.h.e.t.j.p.i.JtaPlatformInitiator       : HHH000489: No JTA platform available (set 'hibernate.transaction.jta.platform' to enable JTA platform integration)
2024-09-13T09:16:38.364+02:00  INFO 37029 --- [todo_app] [main] j.LocalContainerEntityManagerFactoryBean : Initialized JPA EntityManagerFactory for persistence unit 'default'
2024-09-13T09:16:38.831+02:00  INFO 37029 --- [todo_app] [main] o.s.d.j.r.query.QueryEnhancerFactory     : Hibernate is in classpath; If applicable, HQL parser will be used.
2024-09-13T09:16:39.246+02:00  WARN 37029 --- [todo_app] [main] JpaBaseConfiguration$JpaWebConfiguration : spring.jpa.open-in-view is enabled by default. Therefore, database queries may be performed during view rendering. Explicitly configure spring.jpa.open-in-view to disable this warning
2024-09-13T09:16:39.603+02:00  INFO 37029 --- [todo_app] [main] o.s.b.w.embedded.tomcat.TomcatWebServer  : Tomcat started on port 9090 (http) with context path '/'
2024-09-13T09:16:39.611+02:00  INFO 37029 --- [todo_app] [main] com.todo.todo_app.TodoAppApplicationKt   : Started TodoAppApplicationKt in 5.176 seconds (process running for 5.719)
2024-09-13T09:16:47.991+02:00  INFO 37029 --- [todo_app] [http-nio-9090-exec-1] o.a.c.c.C.[Tomcat].[localhost].[/]       : Initializing Spring DispatcherServlet 'dispatcherServlet'
2024-09-13T09:16:47.991+02:00  INFO 37029 --- [todo_app] [http-nio-9090-exec-1] o.s.web.servlet.DispatcherServlet        : Initializing Servlet 'dispatcherServlet'
2024-09-13T09:16:47.993+02:00  INFO 37029 --- [todo_app] [http-nio-9090-exec-1] o.s.web.servlet.DispatcherServlet        : Completed initialization in 2 ms
2024-09-13T09:19:44.405+02:00  WARN 37029 --- [todo_app] [http-nio-9090-exec-9] .w.s.m.s.DefaultHandlerExceptionResolver : Resolved [org.springframework.web.HttpRequestMethodNotSupportedException: Request method 'DELETE' is not supported]
2024-09-13T09:20:17.157+02:00  INFO 37029 --- [todo_app] [SpringApplicationShutdownHook] j.LocalContainerEntityManagerFactoryBean : Closing JPA EntityManagerFactory for persistence unit 'default'
2024-09-13T09:20:17.161+02:00  INFO 37029 --- [todo_app] [SpringApplicationShutdownHook] com.zaxxer.hikari.HikariDataSource       : HikariPool-1 - Shutdown initiated...
2024-09-13T09:20:17.165+02:00  INFO 37029 --- [todo_app] [SpringApplicationShutdownHook] com.zaxxer.hikari.HikariDataSource       : HikariPool-1 - Shutdown completed.
2024-09-13T09:20:37.140+02:00  INFO 37096 --- [todo_app] [main] com.todo.todo_app.TodoAppApplicationKt   : Starting TodoAppApplicationKt using Java 22.0.2 with PID 37096 (/Users/paulkristoffersson/IdeaProjects/todo_app/build/classes/kotlin/main started by paulkristoffersson in /Users/paulkristoffersson/IdeaProjects/todo_app)
2024-09-13T09:20:37.142+02:00  INFO 37096 --- [todo_app] [main] com.todo.todo_app.TodoAppApplicationKt   : No active profile set, falling back to 1 default profile: "default"
2024-09-13T09:20:37.832+02:00  INFO 37096 --- [todo_app] [main] .s.d.r.c.RepositoryConfigurationDelegate : Bootstrapping Spring Data JPA repositories in DEFAULT mode.
2024-09-13T09:20:37.879+02:00  INFO 37096 --- [todo_app] [main] .s.d.r.c.RepositoryConfigurationDelegate : Finished Spring Data repository scanning in 40 ms. Found 1 JPA repository interface.
2024-09-13T09:20:38.325+02:00  INFO 37096 --- [todo_app] [main] o.s.b.w.embedded.tomcat.TomcatWebServer  : Tomcat initialized with port 9090 (http)
2024-09-13T09:20:38.340+02:00  INFO 37096 --- [todo_app] [main] o.apache.catalina.core.StandardService   : Starting service [Tomcat]
2024-09-13T09:20:38.341+02:00  INFO 37096 --- [todo_app] [main] o.apache.catalina.core.StandardEngine    : Starting Servlet engine: [Apache Tomcat/10.1.28]
2024-09-13T09:20:38.389+02:00  INFO 37096 --- [todo_app] [main] o.a.c.c.C.[Tomcat].[localhost].[/]       : Initializing Spring embedded WebApplicationContext
2024-09-13T09:20:38.390+02:00  INFO 37096 --- [todo_app] [main] w.s.c.ServletWebServerApplicationContext : Root WebApplicationContext: initialization completed in 1205 ms
2024-09-13T09:20:38.542+02:00  INFO 37096 --- [todo_app] [main] o.hibernate.jpa.internal.util.LogHelper  : HHH000204: Processing PersistenceUnitInfo [name: default]
2024-09-13T09:20:38.595+02:00  INFO 37096 --- [todo_app] [main] org.hibernate.Version                    : HHH000412: Hibernate ORM core version 6.5.2.Final
2024-09-13T09:20:38.627+02:00  INFO 37096 --- [todo_app] [main] o.h.c.internal.RegionFactoryInitiator    : HHH000026: Second-level cache disabled
2024-09-13T09:20:38.944+02:00  INFO 37096 --- [todo_app] [main] o.s.o.j.p.SpringPersistenceUnitInfo      : No LoadTimeWeaver setup: ignoring JPA class transformer
2024-09-13T09:20:38.970+02:00  INFO 37096 --- [todo_app] [main] com.zaxxer.hikari.HikariDataSource       : HikariPool-1 - Starting...
2024-09-13T09:20:39.449+02:00  INFO 37096 --- [todo_app] [main] com.zaxxer.hikari.pool.HikariPool        : HikariPool-1 - Added connection org.postgresql.jdbc.PgConnection@474ce6b8
2024-09-13T09:20:39.451+02:00  INFO 37096 --- [todo_app] [main] com.zaxxer.hikari.HikariDataSource       : HikariPool-1 - Start completed.
2024-09-13T09:20:39.506+02:00  WARN 37096 --- [todo_app] [main] org.hibernate.orm.deprecation            : HHH90000025: PostgreSQLDialect does not need to be specified explicitly using 'hibernate.dialect' (remove the property setting and it will be selected by default)
2024-09-13T09:20:40.360+02:00  INFO 37096 --- [todo_app] [main] o.h.e.t.j.p.i.JtaPlatformInitiator       : HHH000489: No JTA platform available (set 'hibernate.transaction.jta.platform' to enable JTA platform integration)
2024-09-13T09:20:40.466+02:00  INFO 37096 --- [todo_app] [main] j.LocalContainerEntityManagerFactoryBean : Initialized JPA EntityManagerFactory for persistence unit 'default'
2024-09-13T09:20:40.975+02:00  INFO 37096 --- [todo_app] [main] o.s.d.j.r.query.QueryEnhancerFactory     : Hibernate is in classpath; If applicable, HQL parser will be used.
2024-09-13T09:20:41.385+02:00  WARN 37096 --- [todo_app] [main] JpaBaseConfiguration$JpaWebConfiguration : spring.jpa.open-in-view is enabled by default. Therefore, database queries may be performed during view rendering. Explicitly configure spring.jpa.open-in-view to disable this warning
2024-09-13T09:20:41.752+02:00  INFO 37096 --- [todo_app] [main] o.s.b.w.embedded.tomcat.TomcatWebServer  : Tomcat started on port 9090 (http) with context path '/'
2024-09-13T09:20:41.759+02:00  INFO 37096 --- [todo_app] [main] com.todo.todo_app.TodoAppApplicationKt   : Started TodoAppApplicationKt in 5.002 seconds (process running for 5.547)
2024-09-13T09:20:42.444+02:00  INFO 37096 --- [todo_app] [http-nio-9090-exec-1] o.a.c.c.C.[Tomcat].[localhost].[/]       : Initializing Spring DispatcherServlet 'dispatcherServlet'
2024-09-13T09:20:42.444+02:00  INFO 37096 --- [todo_app] [http-nio-9090-exec-1] o.s.web.servlet.DispatcherServlet        : Initializing Servlet 'dispatcherServlet'
2024-09-13T09:20:42.446+02:00  INFO 37096 --- [todo_app] [http-nio-9090-exec-1] o.s.web.servlet.DispatcherServlet        : Completed initialization in 1 ms
2024-09-13T09:20:42.646+02:00 ERROR 37096 --- [todo_app] [http-nio-9090-exec-1] o.a.c.c.C.[.[.[/].[dispatcherServlet]    : Servlet.service() for servlet [dispatcherServlet] in context with path [] threw exception [Request processing failed: org.springframework.jdbc.BadSqlGrammarException: Hibernate transaction: Unable to commit against JDBC Connection; bad SQL grammar []] with root cause

org.postgresql.util.PSQLException: ERROR: prepared statement "S_1" already exists
	at org.postgresql.core.v3.QueryExecutorImpl.receiveErrorResponse(QueryExecutorImpl.java:2725) ~[postgresql-42.7.3.jar:42.7.3]
	at org.postgresql.core.v3.QueryExecutorImpl.processResults(QueryExecutorImpl.java:2412) ~[postgresql-42.7.3.jar:42.7.3]
	at org.postgresql.core.v3.QueryExecutorImpl.execute(QueryExecutorImpl.java:371) ~[postgresql-42.7.3.jar:42.7.3]
	at org.postgresql.core.v3.QueryExecutorImpl.execute(QueryExecutorImpl.java:329) ~[postgresql-42.7.3.jar:42.7.3]
	at org.postgresql.jdbc.PgConnection.executeTransactionCommand(PgConnection.java:981) ~[postgresql-42.7.3.jar:42.7.3]
	at org.postgresql.jdbc.PgConnection.commit(PgConnection.java:1003) ~[postgresql-42.7.3.jar:42.7.3]
	at com.zaxxer.hikari.pool.ProxyConnection.commit(ProxyConnection.java:378) ~[HikariCP-5.1.0.jar:na]
	at com.zaxxer.hikari.pool.HikariProxyConnection.commit(HikariProxyConnection.java) ~[HikariCP-5.1.0.jar:na]
	at org.hibernate.resource.jdbc.internal.AbstractLogicalConnectionImplementor.commit(AbstractLogicalConnectionImplementor.java:87) ~[hibernate-core-6.5.2.Final.jar:6.5.2.Final]
	at org.hibernate.resource.transaction.backend.jdbc.internal.JdbcResourceLocalTransactionCoordinatorImpl$TransactionDriverControlImpl.commit(JdbcResourceLocalTransactionCoordinatorImpl.java:268) ~[hibernate-core-6.5.2.Final.jar:6.5.2.Final]
	at org.hibernate.engine.transaction.internal.TransactionImpl.commit(TransactionImpl.java:101) ~[hibernate-core-6.5.2.Final.jar:6.5.2.Final]
	at org.springframework.orm.jpa.JpaTransactionManager.doCommit(JpaTransactionManager.java:562) ~[spring-orm-6.1.12.jar:6.1.12]
	at org.springframework.transaction.support.AbstractPlatformTransactionManager.processCommit(AbstractPlatformTransactionManager.java:795) ~[spring-tx-6.1.12.jar:6.1.12]
	at org.springframework.transaction.support.AbstractPlatformTransactionManager.commit(AbstractPlatformTransactionManager.java:758) ~[spring-tx-6.1.12.jar:6.1.12]
	at org.springframework.transaction.interceptor.TransactionAspectSupport.commitTransactionAfterReturning(TransactionAspectSupport.java:663) ~[spring-tx-6.1.12.jar:6.1.12]
	at org.springframework.transaction.interceptor.TransactionAspectSupport.invokeWithinTransaction(TransactionAspectSupport.java:413) ~[spring-tx-6.1.12.jar:6.1.12]
	at org.springframework.transaction.interceptor.TransactionInterceptor.invoke(TransactionInterceptor.java:119) ~[spring-tx-6.1.12.jar:6.1.12]
	at org.springframework.aop.framework.ReflectiveMethodInvocation.proceed(ReflectiveMethodInvocation.java:184) ~[spring-aop-6.1.12.jar:6.1.12]
	at org.springframework.dao.support.PersistenceExceptionTranslationInterceptor.invoke(PersistenceExceptionTranslationInterceptor.java:138) ~[spring-tx-6.1.12.jar:6.1.12]
	at org.springframework.aop.framework.ReflectiveMethodInvocation.proceed(ReflectiveMethodInvocation.java:184) ~[spring-aop-6.1.12.jar:6.1.12]
	at org.springframework.data.jpa.repository.support.CrudMethodMetadataPostProcessor$CrudMethodMetadataPopulatingMethodInterceptor.invoke(CrudMethodMetadataPostProcessor.java:165) ~[spring-data-jpa-3.3.3.jar:3.3.3]
	at org.springframework.aop.framework.ReflectiveMethodInvocation.proceed(ReflectiveMethodInvocation.java:184) ~[spring-aop-6.1.12.jar:6.1.12]
	at org.springframework.aop.interceptor.ExposeInvocationInterceptor.invoke(ExposeInvocationInterceptor.java:97) ~[spring-aop-6.1.12.jar:6.1.12]
	at org.springframework.aop.framework.ReflectiveMethodInvocation.proceed(ReflectiveMethodInvocation.java:184) ~[spring-aop-6.1.12.jar:6.1.12]
	at org.springframework.data.repository.core.support.MethodInvocationValidator.invoke(MethodInvocationValidator.java:95) ~[spring-data-commons-3.3.3.jar:3.3.3]
	at org.springframework.aop.framework.ReflectiveMethodInvocation.proceed(ReflectiveMethodInvocation.java:184) ~[spring-aop-6.1.12.jar:6.1.12]
	at org.springframework.aop.framework.JdkDynamicAopProxy.invoke(JdkDynamicAopProxy.java:223) ~[spring-aop-6.1.12.jar:6.1.12]
	at jdk.proxy2/jdk.proxy2.$Proxy131.existsById(Unknown Source) ~[na:na]
	at com.todo.todo_app.service.TodoService.checkTodoForId(TodoService.kt:41) ~[main/:na]
	at com.todo.todo_app.service.TodoService.deleteTodo(TodoService.kt:85) ~[main/:na]
	at com.todo.todo_app.controller.TodoController.deleteTodo(TodoController.kt:42) ~[main/:na]
	at java.base/jdk.internal.reflect.DirectMethodHandleAccessor.invoke(DirectMethodHandleAccessor.java:103) ~[na:na]
	at java.base/java.lang.reflect.Method.invoke(Method.java:580) ~[na:na]
	at kotlin.reflect.jvm.internal.calls.CallerImpl$Method.callMethod(CallerImpl.kt:97) ~[kotlin-reflect-1.9.25.jar:1.9.25-release-852]
	at kotlin.reflect.jvm.internal.calls.CallerImpl$Method$Instance.call(CallerImpl.kt:113) ~[kotlin-reflect-1.9.25.jar:1.9.25-release-852]
	at kotlin.reflect.jvm.internal.KCallableImpl.callDefaultMethod$kotlin_reflection(KCallableImpl.kt:207) ~[kotlin-reflect-1.9.25.jar:1.9.25-release-852]
	at kotlin.reflect.jvm.internal.KCallableImpl.callBy(KCallableImpl.kt:112) ~[kotlin-reflect-1.9.25.jar:1.9.25-release-852]
	at org.springframework.web.method.support.InvocableHandlerMethod$KotlinDelegate.invokeFunction(InvocableHandlerMethod.java:334) ~[spring-web-6.1.12.jar:6.1.12]
	at org.springframework.web.method.support.InvocableHandlerMethod.doInvoke(InvocableHandlerMethod.java:252) ~[spring-web-6.1.12.jar:6.1.12]
	at org.springframework.web.method.support.InvocableHandlerMethod.invokeForRequest(InvocableHandlerMethod.java:188) ~[spring-web-6.1.12.jar:6.1.12]
	at org.springframework.web.servlet.mvc.method.annotation.ServletInvocableHandlerMethod.invokeAndHandle(ServletInvocableHandlerMethod.java:118) ~[spring-webmvc-6.1.12.jar:6.1.12]
	at org.springframework.web.servlet.mvc.method.annotation.RequestMappingHandlerAdapter.invokeHandlerMethod(RequestMappingHandlerAdapter.java:926) ~[spring-webmvc-6.1.12.jar:6.1.12]
	at org.springframework.web.servlet.mvc.method.annotation.RequestMappingHandlerAdapter.handleInternal(RequestMappingHandlerAdapter.java:831) ~[spring-webmvc-6.1.12.jar:6.1.12]
	at org.springframework.web.servlet.mvc.method.AbstractHandlerMethodAdapter.handle(AbstractHandlerMethodAdapter.java:87) ~[spring-webmvc-6.1.12.jar:6.1.12]
	at org.springframework.web.servlet.DispatcherServlet.doDispatch(DispatcherServlet.java:1089) ~[spring-webmvc-6.1.12.jar:6.1.12]
	at org.springframework.web.servlet.DispatcherServlet.doService(DispatcherServlet.java:979) ~[spring-webmvc-6.1.12.jar:6.1.12]
	at org.springframework.web.servlet.FrameworkServlet.processRequest(FrameworkServlet.java:1014) ~[spring-webmvc-6.1.12.jar:6.1.12]
	at org.springframework.web.servlet.FrameworkServlet.doDelete(FrameworkServlet.java:936) ~[spring-webmvc-6.1.12.jar:6.1.12]
	at jakarta.servlet.http.HttpServlet.service(HttpServlet.java:596) ~[tomcat-embed-core-10.1.28.jar:6.0]
	at org.springframework.web.servlet.FrameworkServlet.service(FrameworkServlet.java:885) ~[spring-webmvc-6.1.12.jar:6.1.12]
	at jakarta.servlet.http.HttpServlet.service(HttpServlet.java:658) ~[tomcat-embed-core-10.1.28.jar:6.0]
	at org.apache.catalina.core.ApplicationFilterChain.internalDoFilter(ApplicationFilterChain.java:195) ~[tomcat-embed-core-10.1.28.jar:10.1.28]
	at org.apache.catalina.core.ApplicationFilterChain.doFilter(ApplicationFilterChain.java:140) ~[tomcat-embed-core-10.1.28.jar:10.1.28]
	at org.apache.tomcat.websocket.server.WsFilter.doFilter(WsFilter.java:51) ~[tomcat-embed-websocket-10.1.28.jar:10.1.28]
	at org.apache.catalina.core.ApplicationFilterChain.internalDoFilter(ApplicationFilterChain.java:164) ~[tomcat-embed-core-10.1.28.jar:10.1.28]
	at org.apache.catalina.core.ApplicationFilterChain.doFilter(ApplicationFilterChain.java:140) ~[tomcat-embed-core-10.1.28.jar:10.1.28]
	at org.springframework.web.filter.RequestContextFilter.doFilterInternal(RequestContextFilter.java:100) ~[spring-web-6.1.12.jar:6.1.12]
	at org.springframework.web.filter.OncePerRequestFilter.doFilter(OncePerRequestFilter.java:116) ~[spring-web-6.1.12.jar:6.1.12]
	at org.apache.catalina.core.ApplicationFilterChain.internalDoFilter(ApplicationFilterChain.java:164) ~[tomcat-embed-core-10.1.28.jar:10.1.28]
	at org.apache.catalina.core.ApplicationFilterChain.doFilter(ApplicationFilterChain.java:140) ~[tomcat-embed-core-10.1.28.jar:10.1.28]
	at org.springframework.web.filter.FormContentFilter.doFilterInternal(FormContentFilter.java:93) ~[spring-web-6.1.12.jar:6.1.12]
	at org.springframework.web.filter.OncePerRequestFilter.doFilter(OncePerRequestFilter.java:116) ~[spring-web-6.1.12.jar:6.1.12]
	at org.apache.catalina.core.ApplicationFilterChain.internalDoFilter(ApplicationFilterChain.java:164) ~[tomcat-embed-core-10.1.28.jar:10.1.28]
	at org.apache.catalina.core.ApplicationFilterChain.doFilter(ApplicationFilterChain.java:140) ~[tomcat-embed-core-10.1.28.jar:10.1.28]
	at org.springframework.web.filter.CharacterEncodingFilter.doFilterInternal(CharacterEncodingFilter.java:201) ~[spring-web-6.1.12.jar:6.1.12]
	at org.springframework.web.filter.OncePerRequestFilter.doFilter(OncePerRequestFilter.java:116) ~[spring-web-6.1.12.jar:6.1.12]
	at org.apache.catalina.core.ApplicationFilterChain.internalDoFilter(ApplicationFilterChain.java:164) ~[tomcat-embed-core-10.1.28.jar:10.1.28]
	at org.apache.catalina.core.ApplicationFilterChain.doFilter(ApplicationFilterChain.java:140) ~[tomcat-embed-core-10.1.28.jar:10.1.28]
	at org.apache.catalina.core.StandardWrapperValve.invoke(StandardWrapperValve.java:167) ~[tomcat-embed-core-10.1.28.jar:10.1.28]
	at org.apache.catalina.core.StandardContextValve.invoke(StandardContextValve.java:90) ~[tomcat-embed-core-10.1.28.jar:10.1.28]
	at org.apache.catalina.authenticator.AuthenticatorBase.invoke(AuthenticatorBase.java:483) ~[tomcat-embed-core-10.1.28.jar:10.1.28]
	at org.apache.catalina.core.StandardHostValve.invoke(StandardHostValve.java:115) ~[tomcat-embed-core-10.1.28.jar:10.1.28]
	at org.apache.catalina.valves.ErrorReportValve.invoke(ErrorReportValve.java:93) ~[tomcat-embed-core-10.1.28.jar:10.1.28]
	at org.apache.catalina.core.StandardEngineValve.invoke(StandardEngineValve.java:74) ~[tomcat-embed-core-10.1.28.jar:10.1.28]
	at org.apache.catalina.connector.CoyoteAdapter.service(CoyoteAdapter.java:344) ~[tomcat-embed-core-10.1.28.jar:10.1.28]
	at org.apache.coyote.http11.Http11Processor.service(Http11Processor.java:384) ~[tomcat-embed-core-10.1.28.jar:10.1.28]
	at org.apache.coyote.AbstractProcessorLight.process(AbstractProcessorLight.java:63) ~[tomcat-embed-core-10.1.28.jar:10.1.28]
	at org.apache.coyote.AbstractProtocol$ConnectionHandler.process(AbstractProtocol.java:904) ~[tomcat-embed-core-10.1.28.jar:10.1.28]
	at org.apache.tomcat.util.net.NioEndpoint$SocketProcessor.doRun(NioEndpoint.java:1741) ~[tomcat-embed-core-10.1.28.jar:10.1.28]
	at org.apache.tomcat.util.net.SocketProcessorBase.run(SocketProcessorBase.java:52) ~[tomcat-embed-core-10.1.28.jar:10.1.28]
	at org.apache.tomcat.util.threads.ThreadPoolExecutor.runWorker(ThreadPoolExecutor.java:1190) ~[tomcat-embed-core-10.1.28.jar:10.1.28]
	at org.apache.tomcat.util.threads.ThreadPoolExecutor$Worker.run(ThreadPoolExecutor.java:659) ~[tomcat-embed-core-10.1.28.jar:10.1.28]
	at org.apache.tomcat.util.threads.TaskThread$WrappingRunnable.run(TaskThread.java:63) ~[tomcat-embed-core-10.1.28.jar:10.1.28]
	at java.base/java.lang.Thread.run(Thread.java:1570) ~[na:na]

2024-09-13T09:31:13.673+02:00  INFO 37096 --- [todo_app] [SpringApplicationShutdownHook] j.LocalContainerEntityManagerFactoryBean : Closing JPA EntityManagerFactory for persistence unit 'default'
2024-09-13T09:31:13.676+02:00  INFO 37096 --- [todo_app] [SpringApplicationShutdownHook] com.zaxxer.hikari.HikariDataSource       : HikariPool-1 - Shutdown initiated...
2024-09-13T09:31:13.682+02:00  INFO 37096 --- [todo_app] [SpringApplicationShutdownHook] com.zaxxer.hikari.HikariDataSource       : HikariPool-1 - Shutdown completed.
2024-09-13T15:54:51.175+02:00  INFO 41542 --- [todo_app] [main] com.todo.todo_app.TodoAppApplicationKt   : Starting TodoAppApplicationKt using Java 22.0.2 with PID 41542 (/Users/paulkristoffersson/IdeaProjects/todo_app/build/classes/kotlin/main started by paulkristoffersson in /Users/paulkristoffersson/IdeaProjects/todo_app)
2024-09-13T15:54:51.177+02:00  INFO 41542 --- [todo_app] [main] com.todo.todo_app.TodoAppApplicationKt   : No active profile set, falling back to 1 default profile: "default"
2024-09-13T15:54:51.928+02:00  INFO 41542 --- [todo_app] [main] .s.d.r.c.RepositoryConfigurationDelegate : Bootstrapping Spring Data JPA repositories in DEFAULT mode.
2024-09-13T15:54:51.980+02:00  INFO 41542 --- [todo_app] [main] .s.d.r.c.RepositoryConfigurationDelegate : Finished Spring Data repository scanning in 44 ms. Found 1 JPA repository interface.
2024-09-13T15:54:52.486+02:00  INFO 41542 --- [todo_app] [main] o.s.b.w.embedded.tomcat.TomcatWebServer  : Tomcat initialized with port 9090 (http)
2024-09-13T15:54:52.500+02:00  INFO 41542 --- [todo_app] [main] o.apache.catalina.core.StandardService   : Starting service [Tomcat]
2024-09-13T15:54:52.501+02:00  INFO 41542 --- [todo_app] [main] o.apache.catalina.core.StandardEngine    : Starting Servlet engine: [Apache Tomcat/10.1.28]
2024-09-13T15:54:52.545+02:00  INFO 41542 --- [todo_app] [main] o.a.c.c.C.[Tomcat].[localhost].[/]       : Initializing Spring embedded WebApplicationContext
2024-09-13T15:54:52.546+02:00  INFO 41542 --- [todo_app] [main] w.s.c.ServletWebServerApplicationContext : Root WebApplicationContext: initialization completed in 1324 ms
2024-09-13T15:54:52.704+02:00  INFO 41542 --- [todo_app] [main] o.hibernate.jpa.internal.util.LogHelper  : HHH000204: Processing PersistenceUnitInfo [name: default]
2024-09-13T15:54:52.765+02:00  INFO 41542 --- [todo_app] [main] org.hibernate.Version                    : HHH000412: Hibernate ORM core version 6.5.2.Final
2024-09-13T15:54:52.798+02:00  INFO 41542 --- [todo_app] [main] o.h.c.internal.RegionFactoryInitiator    : HHH000026: Second-level cache disabled
2024-09-13T15:54:53.109+02:00  INFO 41542 --- [todo_app] [main] o.s.o.j.p.SpringPersistenceUnitInfo      : No LoadTimeWeaver setup: ignoring JPA class transformer
2024-09-13T15:54:53.134+02:00  INFO 41542 --- [todo_app] [main] com.zaxxer.hikari.HikariDataSource       : HikariPool-1 - Starting...
2024-09-13T15:54:53.520+02:00  INFO 41542 --- [todo_app] [main] com.zaxxer.hikari.pool.HikariPool        : HikariPool-1 - Added connection org.postgresql.jdbc.PgConnection@4f676900
2024-09-13T15:54:53.522+02:00  INFO 41542 --- [todo_app] [main] com.zaxxer.hikari.HikariDataSource       : HikariPool-1 - Start completed.
2024-09-13T15:54:53.578+02:00  WARN 41542 --- [todo_app] [main] org.hibernate.orm.deprecation            : HHH90000025: PostgreSQLDialect does not need to be specified explicitly using 'hibernate.dialect' (remove the property setting and it will be selected by default)
2024-09-13T15:54:54.462+02:00  INFO 41542 --- [todo_app] [main] o.h.e.t.j.p.i.JtaPlatformInitiator       : HHH000489: No JTA platform available (set 'hibernate.transaction.jta.platform' to enable JTA platform integration)
2024-09-13T15:54:54.587+02:00  INFO 41542 --- [todo_app] [main] j.LocalContainerEntityManagerFactoryBean : Initialized JPA EntityManagerFactory for persistence unit 'default'
2024-09-13T15:54:55.121+02:00  INFO 41542 --- [todo_app] [main] o.s.d.j.r.query.QueryEnhancerFactory     : Hibernate is in classpath; If applicable, HQL parser will be used.
2024-09-13T15:54:55.536+02:00  WARN 41542 --- [todo_app] [main] JpaBaseConfiguration$JpaWebConfiguration : spring.jpa.open-in-view is enabled by default. Therefore, database queries may be performed during view rendering. Explicitly configure spring.jpa.open-in-view to disable this warning
2024-09-13T15:54:55.853+02:00  INFO 41542 --- [todo_app] [main] o.s.b.w.embedded.tomcat.TomcatWebServer  : Tomcat started on port 9090 (http) with context path '/'
2024-09-13T15:54:55.860+02:00  INFO 41542 --- [todo_app] [main] com.todo.todo_app.TodoAppApplicationKt   : Started TodoAppApplicationKt in 5.069 seconds (process running for 5.706)
2024-09-13T15:54:58.470+02:00  INFO 41542 --- [todo_app] [SpringApplicationShutdownHook] j.LocalContainerEntityManagerFactoryBean : Closing JPA EntityManagerFactory for persistence unit 'default'
2024-09-13T15:54:58.473+02:00  INFO 41542 --- [todo_app] [SpringApplicationShutdownHook] com.zaxxer.hikari.HikariDataSource       : HikariPool-1 - Shutdown initiated...
2024-09-13T15:54:58.561+02:00  INFO 41542 --- [todo_app] [SpringApplicationShutdownHook] com.zaxxer.hikari.HikariDataSource       : HikariPool-1 - Shutdown completed.
2024-09-13T15:55:49.079+02:00  INFO 41621 --- [todo_app] [main] com.todo.todo_app.TodoAppApplicationKt   : Starting TodoAppApplicationKt using Java 22.0.2 with PID 41621 (/Users/paulkristoffersson/IdeaProjects/todo_app/build/classes/kotlin/main started by paulkristoffersson in /Users/paulkristoffersson/IdeaProjects/todo_app)
2024-09-13T15:55:49.081+02:00  INFO 41621 --- [todo_app] [main] com.todo.todo_app.TodoAppApplicationKt   : The following 1 profile is active: "dev"
2024-09-13T15:55:49.858+02:00  INFO 41621 --- [todo_app] [main] .s.d.r.c.RepositoryConfigurationDelegate : Bootstrapping Spring Data JPA repositories in DEFAULT mode.
2024-09-13T15:55:49.911+02:00  INFO 41621 --- [todo_app] [main] .s.d.r.c.RepositoryConfigurationDelegate : Finished Spring Data repository scanning in 46 ms. Found 1 JPA repository interface.
2024-09-13T15:55:50.363+02:00  INFO 41621 --- [todo_app] [main] o.s.b.w.embedded.tomcat.TomcatWebServer  : Tomcat initialized with port 9090 (http)
2024-09-13T15:55:50.379+02:00  INFO 41621 --- [todo_app] [main] o.apache.catalina.core.StandardService   : Starting service [Tomcat]
2024-09-13T15:55:50.379+02:00  INFO 41621 --- [todo_app] [main] o.apache.catalina.core.StandardEngine    : Starting Servlet engine: [Apache Tomcat/10.1.28]
2024-09-13T15:55:50.427+02:00  INFO 41621 --- [todo_app] [main] o.a.c.c.C.[Tomcat].[localhost].[/]       : Initializing Spring embedded WebApplicationContext
2024-09-13T15:55:50.428+02:00  INFO 41621 --- [todo_app] [main] w.s.c.ServletWebServerApplicationContext : Root WebApplicationContext: initialization completed in 1302 ms
2024-09-13T15:55:50.584+02:00  INFO 41621 --- [todo_app] [main] o.hibernate.jpa.internal.util.LogHelper  : HHH000204: Processing PersistenceUnitInfo [name: default]
2024-09-13T15:55:50.647+02:00  INFO 41621 --- [todo_app] [main] org.hibernate.Version                    : HHH000412: Hibernate ORM core version 6.5.2.Final
2024-09-13T15:55:50.684+02:00  INFO 41621 --- [todo_app] [main] o.h.c.internal.RegionFactoryInitiator    : HHH000026: Second-level cache disabled
2024-09-13T15:55:51.001+02:00  INFO 41621 --- [todo_app] [main] o.s.o.j.p.SpringPersistenceUnitInfo      : No LoadTimeWeaver setup: ignoring JPA class transformer
2024-09-13T15:55:51.026+02:00  INFO 41621 --- [todo_app] [main] com.zaxxer.hikari.HikariDataSource       : HikariPool-1 - Starting...
2024-09-13T15:55:51.191+02:00  INFO 41621 --- [todo_app] [main] com.zaxxer.hikari.pool.HikariPool        : HikariPool-1 - Added connection org.postgresql.jdbc.PgConnection@e36bc01
2024-09-13T15:55:51.192+02:00  INFO 41621 --- [todo_app] [main] com.zaxxer.hikari.HikariDataSource       : HikariPool-1 - Start completed.
2024-09-13T15:55:51.224+02:00  WARN 41621 --- [todo_app] [main] org.hibernate.orm.deprecation            : HHH90000025: PostgreSQLDialect does not need to be specified explicitly using 'hibernate.dialect' (remove the property setting and it will be selected by default)
2024-09-13T15:55:52.042+02:00  INFO 41621 --- [todo_app] [main] o.h.e.t.j.p.i.JtaPlatformInitiator       : HHH000489: No JTA platform available (set 'hibernate.transaction.jta.platform' to enable JTA platform integration)
2024-09-13T15:55:52.124+02:00  WARN 41621 --- [todo_app] [main] o.h.engine.jdbc.spi.SqlExceptionHelper   : SQL Warning Code: 0, SQLState: 00000
2024-09-13T15:55:52.124+02:00  WARN 41621 --- [todo_app] [main] o.h.engine.jdbc.spi.SqlExceptionHelper   : constraint "uk_todo_title" of relation "todo" does not exist, skipping
2024-09-13T15:55:52.134+02:00  INFO 41621 --- [todo_app] [main] j.LocalContainerEntityManagerFactoryBean : Initialized JPA EntityManagerFactory for persistence unit 'default'
2024-09-13T15:55:52.664+02:00  INFO 41621 --- [todo_app] [main] o.s.d.j.r.query.QueryEnhancerFactory     : Hibernate is in classpath; If applicable, HQL parser will be used.
2024-09-13T15:55:53.080+02:00  WARN 41621 --- [todo_app] [main] JpaBaseConfiguration$JpaWebConfiguration : spring.jpa.open-in-view is enabled by default. Therefore, database queries may be performed during view rendering. Explicitly configure spring.jpa.open-in-view to disable this warning
2024-09-13T15:55:53.375+02:00  INFO 41621 --- [todo_app] [main] o.s.b.w.embedded.tomcat.TomcatWebServer  : Tomcat started on port 9090 (http) with context path '/'
2024-09-13T15:55:53.381+02:00  INFO 41621 --- [todo_app] [main] com.todo.todo_app.TodoAppApplicationKt   : Started TodoAppApplicationKt in 4.704 seconds (process running for 5.351)
2024-09-13T15:56:41.375+02:00  INFO 41621 --- [todo_app] [http-nio-9090-exec-1] o.a.c.c.C.[Tomcat].[localhost].[/]       : Initializing Spring DispatcherServlet 'dispatcherServlet'
2024-09-13T15:56:41.375+02:00  INFO 41621 --- [todo_app] [http-nio-9090-exec-1] o.s.web.servlet.DispatcherServlet        : Initializing Servlet 'dispatcherServlet'
2024-09-13T15:56:41.378+02:00  INFO 41621 --- [todo_app] [http-nio-9090-exec-1] o.s.web.servlet.DispatcherServlet        : Completed initialization in 1 ms
2024-09-13T16:02:22.624+02:00  INFO 41621 --- [todo_app] [SpringApplicationShutdownHook] j.LocalContainerEntityManagerFactoryBean : Closing JPA EntityManagerFactory for persistence unit 'default'
2024-09-13T16:02:22.628+02:00  INFO 41621 --- [todo_app] [SpringApplicationShutdownHook] com.zaxxer.hikari.HikariDataSource       : HikariPool-1 - Shutdown initiated...
2024-09-13T16:02:22.630+02:00  INFO 41621 --- [todo_app] [SpringApplicationShutdownHook] com.zaxxer.hikari.HikariDataSource       : HikariPool-1 - Shutdown completed.
